<resultados>
	<mundos>
		<mundo nombre="mundo_0">
			<linea fila="19" compresionDeCeros="true">(5) 3 (7) 1 3 </linea>
			<linea fila="17" compresionDeCeros="true">(22) 3 </linea>
			<linea fila="16" compresionDeCeros="true">(3) 1 (7) 1 (16) 1 (22) 1 </linea>
			<linea fila="14" compresionDeCeros="true">(7) 3 </linea>
			<linea fila="12" compresionDeCeros="true">(22) 3 </linea>
			<linea fila="10" compresionDeCeros="true">(16) 1 (18) 3 1 (22) 3 </linea>
			<linea fila="9" compresionDeCeros="true">(9) 3 </linea>
			<linea fila="6" compresionDeCeros="true">(9) 1 (16) 1 (19) 1 </linea>
			<linea fila="4" compresionDeCeros="true">(9) 3 (19) 3 </linea>
		</mundo>
	</mundos>
	<programas>
		<programa nombre="p1" resultadoEjecucion="FIN PROGRAMA">
			<karel x="12" y="10" direccion="ESTE"/>
		</programa>
	</programas>
</resultados>
