<resultados>
	<mundos>
		<mundo nombre="mundo_0">
			<linea fila="25" compresionDeCeros="true">(19) 3 </linea>
			<linea fila="24" compresionDeCeros="true">(10) 3 (19) 1 (21) 1 3 </linea>
			<linea fila="23" compresionDeCeros="true">(4) 3 (19) 3 </linea>
			<linea fila="22" compresionDeCeros="true">(4) 1 (7) 1 (10) 1 (15) 3 (17) 1 (21) 1 </linea>
			<linea fila="21" compresionDeCeros="true">(10) 3 </linea>
			<linea fila="20" compresionDeCeros="true">(4) 3 (20) 3 1 (24) 3 (32) 3 </linea>
			<linea fila="19" compresionDeCeros="true">(7) 1 (12) 1 (17) 1 </linea>
			<linea fila="18" compresionDeCeros="true">(7) 3 (28) 3 1 (32) 1 </linea>
			<linea fila="17" compresionDeCeros="true">(21) 3 (32) 3 </linea>
			<linea fila="16" compresionDeCeros="true">(1) 3 1 (12) 1 (17) 3 </linea>
			<linea fila="15" compresionDeCeros="true">(17) 3 (21) 1 (24) 1 (29) 1 </linea>
			<linea fila="14" compresionDeCeros="true">(11) 3 1 (17) 1 (21) 3 (29) 3 </linea>
			<linea fila="13" compresionDeCeros="true">(2) 1 (6) 1 (8) 3 </linea>
			<linea fila="12" compresionDeCeros="true">(2) 3 (16) 3 1 (24) 1 </linea>
			<linea fila="9" compresionDeCeros="true">(1) 3 (3) 1 (6) 1 (22) 3 (24) 1 (27) 3 </linea>
			<linea fila="7" compresionDeCeros="true">(6) 3 (16) 3 </linea>
			<linea fila="6" compresionDeCeros="true">(26) 3 </linea>
			<linea fila="5" compresionDeCeros="true">(3) 1 (11) 1 (16) 1 (21) 3 1 (26) 1 </linea>
			<linea fila="3" compresionDeCeros="true">(14) 3 (16) 1 (22) 1 </linea>
			<linea fila="1" compresionDeCeros="true">(3) 3 (22) 3 (26) 3 </linea>
		</mundo>
	</mundos>
	<programas>
		<programa nombre="p1" resultadoEjecucion="FIN PROGRAMA">
			<karel x="11" y="11" direccion="SUR"/>
		</programa>
	</programas>
</resultados>
