<resultados>
	<mundos>
		<mundo nombre="mundo_0">
			<linea fila="21" compresionDeCeros="true">(6) 1 </linea>
			<linea fila="20" compresionDeCeros="true">(9) 3 </linea>
			<linea fila="19" compresionDeCeros="true">(3) 1 (8) 1 </linea>
			<linea fila="18" compresionDeCeros="true">(6) 1 (10) 3 3 </linea>
			<linea fila="17" compresionDeCeros="true">(10) 1 (12) 1 (15) 3 </linea>
			<linea fila="16" compresionDeCeros="true">(9) 1 1 1 (14) 1 </linea>
			<linea fila="15" compresionDeCeros="true">(8) 1 (12) 1 </linea>
			<linea fila="14" compresionDeCeros="true">(11) 3 3 (14) 1 </linea>
			<linea fila="13" compresionDeCeros="true">(7) 3 (9) 1 3 </linea>
			<linea fila="10" compresionDeCeros="true">(13) 1 </linea>
			<linea fila="7" compresionDeCeros="true">(4) 1 </linea>
		</mundo>
	</mundos>
	<programas>
		<programa nombre="p1" resultadoEjecucion="FIN PROGRAMA">
			<karel x="14" y="15" direccion="OESTE"/>
		</programa>
	</programas>
</resultados>
